# JRE version: Java(TM) SE Runtime Environment (8.0_73-b02) (build 1.8.0_73-b02)
# Java VM: Java HotSpot(TM) 64-Bit Server VM (25.73-b02 mixed mode bsd-amd64 compressed oops)
Heap:
 PSYoungGen      total 307200K, used 66245K [0x000000076ab00000, 0x0000000784d00000, 0x00000007c0000000)
  eden space 288256K, 22% used [0x000000076ab00000,0x000000076ebb1698,0x000000077c480000)
  from space 18944K, 0% used [0x000000077d700000,0x000000077d700000,0x000000077e980000)
  to   space 18944K, 0% used [0x000000077c480000,0x000000077c480000,0x000000077d700000)
 ParOldGen       total 178176K, used 24736K [0x00000006c0000000, 0x00000006cae00000, 0x000000076ab00000)
  object space 178176K, 13% used [0x00000006c0000000,0x00000006c1828060,0x00000006cae00000)
 Metaspace       used 37666K, capacity 38230K, committed 38616K, reserved 1083392K
  class space    used 4929K, capacity 5075K, committed 5120K, reserved 1048576K
GC Heap History (10 events):
Event: 2.162 GC heap before
{Heap before GC invocations=4 (full 1):
 PSYoungGen      total 141824K, used 9402K [0x000000076ab00000, 0x000000077c000000, 0x00000007c0000000)
  eden space 131072K, 0% used [0x000000076ab00000,0x000000076ab00000,0x0000000772b00000)
  from space 10752K, 87% used [0x0000000772b00000,0x000000077342eb00,0x0000000773580000)
  to   space 10752K, 0% used [0x000000077b580000,0x000000077b580000,0x000000077c000000)
 ParOldGen       total 175104K, used 104K [0x00000006c0000000, 0x00000006cab00000, 0x000000076ab00000)
  object space 175104K, 0% used [0x00000006c0000000,0x00000006c001a010,0x00000006cab00000)
 Metaspace       used 20773K, capacity 21056K, committed 21248K, reserved 1067008K
  class space    used 2618K, capacity 2719K, committed 2816K, reserved 1048576K
Event: 2.195 GC heap after
Heap after GC invocations=4 (full 1):
 PSYoungGen      total 141824K, used 0K [0x000000076ab00000, 0x000000077c000000, 0x00000007c0000000)
  eden space 131072K, 0% used [0x000000076ab00000,0x000000076ab00000,0x0000000772b00000)
  from space 10752K, 0% used [0x0000000772b00000,0x0000000772b00000,0x0000000773580000)
  to   space 10752K, 0% used [0x000000077b580000,0x000000077b580000,0x000000077c000000)
 ParOldGen       total 105984K, used 9189K [0x00000006c0000000, 0x00000006c6780000, 0x000000076ab00000)
  object space 105984K, 8% used [0x00000006c0000000,0x00000006c08f9540,0x00000006c6780000)
 Metaspace       used 20773K, capacity 21056K, committed 21248K, reserved 1067008K
  class space    used 2618K, capacity 2719K, committed 2816K, reserved 1048576K
}
Event: 3.447 GC heap before
{Heap before GC invocations=5 (full 1):
 PSYoungGen      total 141824K, used 131072K [0x000000076ab00000, 0x000000077c000000, 0x00000007c0000000)
  eden space 131072K, 100% used [0x000000076ab00000,0x0000000772b00000,0x0000000772b00000)
  from space 10752K, 0% used [0x0000000772b00000,0x0000000772b00000,0x0000000773580000)
  to   space 10752K, 0% used [0x000000077b580000,0x000000077b580000,0x000000077c000000)
 ParOldGen       total 105984K, used 9189K [0x00000006c0000000, 0x00000006c6780000, 0x000000076ab00000)
  object space 105984K, 8% used [0x00000006c0000000,0x00000006c08f9540,0x00000006c6780000)
 Metaspace       used 25399K, capacity 25744K, committed 25984K, reserved 1071104K
  class space    used 3243K, capacity 3335K, committed 3456K, reserved 1048576K
Event: 3.459 GC heap after
Heap after GC invocations=5 (full 1):
 PSYoungGen      total 207872K, used 10736K [0x000000076ab00000, 0x000000077c000000, 0x00000007c0000000)
  eden space 197120K, 0% used [0x000000076ab00000,0x000000076ab00000,0x0000000776b80000)
  from space 10752K, 99% used [0x000000077b580000,0x000000077bffc0b8,0x000000077c000000)
  to   space 10752K, 0% used [0x000000077ab00000,0x000000077ab00000,0x000000077b580000)
 ParOldGen       total 105984K, used 9919K [0x00000006c0000000, 0x00000006c6780000, 0x000000076ab00000)
  object space 105984K, 9% used [0x00000006c0000000,0x00000006c09afca8,0x00000006c6780000)
 Metaspace       used 25399K, capacity 25744K, committed 25984K, reserved 1071104K
  class space    used 3243K, capacity 3335K, committed 3456K, reserved 1048576K
}
Event: 6.987 GC heap before
{Heap before GC invocations=6 (full 1):
 PSYoungGen      total 207872K, used 207856K [0x000000076ab00000, 0x000000077c000000, 0x00000007c0000000)
  eden space 197120K, 100% used [0x000000076ab00000,0x0000000776b80000,0x0000000776b80000)
  from space 10752K, 99% used [0x000000077b580000,0x000000077bffc0b8,0x000000077c000000)
  to   space 10752K, 0% used [0x000000077ab00000,0x000000077ab00000,0x000000077b580000)
 ParOldGen       total 105984K, used 9919K [0x00000006c0000000, 0x00000006c6780000, 0x000000076ab00000)
  object space 105984K, 9% used [0x00000006c0000000,0x00000006c09afca8,0x00000006c6780000)
 Metaspace       used 33551K, capacity 34078K, committed 34560K, reserved 1079296K
  class space    used 4376K, capacity 4515K, committed 4608K, reserved 1048576K
Event: 7.009 GC heap after
Heap after GC invocations=6 (full 1):
 PSYoungGen      total 272896K, used 10742K [0x000000076ab00000, 0x000000077e980000, 0x00000007c0000000)
  eden space 262144K, 0% used [0x000000076ab00000,0x000000076ab00000,0x000000077ab00000)
  from space 10752K, 99% used [0x000000077ab00000,0x000000077b57d998,0x000000077b580000)
  to   space 18944K, 0% used [0x000000077d700000,0x000000077d700000,0x000000077e980000)
 ParOldGen       total 105984K, used 20014K [0x00000006c0000000, 0x00000006c6780000, 0x000000076ab00000)
  object space 105984K, 18% used [0x00000006c0000000,0x00000006c138bbd0,0x00000006c6780000)
 Metaspace       used 33551K, capacity 34078K, committed 34560K, reserved 1079296K
  class space    used 4376K, capacity 4515K, committed 4608K, reserved 1048576K
}
Event: 7.832 GC heap before
{Heap before GC invocations=7 (full 1):
 PSYoungGen      total 272896K, used 103424K [0x000000076ab00000, 0x000000077e980000, 0x00000007c0000000)
  eden space 262144K, 35% used [0x000000076ab00000,0x00000007705826f8,0x000000077ab00000)
  from space 10752K, 99% used [0x000000077ab00000,0x000000077b57d998,0x000000077b580000)
  to   space 18944K, 0% used [0x000000077d700000,0x000000077d700000,0x000000077e980000)
 ParOldGen       total 105984K, used 20014K [0x00000006c0000000, 0x00000006c6780000, 0x000000076ab00000)
  object space 105984K, 18% used [0x00000006c0000000,0x00000006c138bbd0,0x00000006c6780000)
 Metaspace       used 34655K, capacity 35140K, committed 35416K, reserved 1079296K
  class space    used 4528K, capacity 4676K, committed 4736K, reserved 1048576K
Event: 7.849 GC heap after
Heap after GC invocations=7 (full 1):
 PSYoungGen      total 307200K, used 14075K [0x000000076ab00000, 0x0000000784d00000, 0x00000007c0000000)
  eden space 288256K, 0% used [0x000000076ab00000,0x000000076ab00000,0x000000077c480000)
  from space 18944K, 74% used [0x000000077d700000,0x000000077e4befa8,0x000000077e980000)
  to   space 18944K, 0% used [0x000000077c480000,0x000000077c480000,0x000000077d700000)
 ParOldGen       total 105984K, used 20022K [0x00000006c0000000, 0x00000006c6780000, 0x000000076ab00000)
  object space 105984K, 18% used [0x00000006c0000000,0x00000006c138dbd0,0x00000006c6780000)
 Metaspace       used 34655K, capacity 35140K, committed 35416K, reserved 1079296K
  class space    used 4528K, capacity 4676K, committed 4736K, reserved 1048576K
}
Event: 7.849 GC heap before
{Heap before GC invocations=8 (full 2):
 PSYoungGen      total 307200K, used 14075K [0x000000076ab00000, 0x0000000784d00000, 0x00000007c0000000)
  eden space 288256K, 0% used [0x000000076ab00000,0x000000076ab00000,0x000000077c480000)
  from space 18944K, 74% used [0x000000077d700000,0x000000077e4befa8,0x000000077e980000)
  to   space 18944K, 0% used [0x000000077c480000,0x000000077c480000,0x000000077d700000)
 ParOldGen       total 105984K, used 20022K [0x00000006c0000000, 0x00000006c6780000, 0x000000076ab00000)
  object space 105984K, 18% used [0x00000006c0000000,0x00000006c138dbd0,0x00000006c6780000)
 Metaspace       used 34655K, capacity 35140K, committed 35416K, reserved 1079296K
  class space    used 4528K, capacity 4676K, committed 4736K, reserved 1048576K
Event: 7.943 GC heap after
Heap after GC invocations=8 (full 2):
 PSYoungGen      total 307200K, used 0K [0x000000076ab00000, 0x0000000784d00000, 0x00000007c0000000)
  eden space 288256K, 0% used [0x000000076ab00000,0x000000076ab00000,0x000000077c480000)
  from space 18944K, 0% used [0x000000077d700000,0x000000077d700000,0x000000077e980000)
  to   space 18944K, 0% used [0x000000077c480000,0x000000077c480000,0x000000077d700000)
 ParOldGen       total 178176K, used 24736K [0x00000006c0000000, 0x00000006cae00000, 0x000000076ab00000)
  object space 178176K, 13% used [0x00000006c0000000,0x00000006c1828060,0x00000006cae00000)
 Metaspace       used 34655K, capacity 35140K, committed 35416K, reserved 1079296K
  class space    used 4528K, capacity 4676K, committed 4736K, reserved 1048576K
}

